C51 COMPILER V9.59.0.0   INTERACTIVE                                                       05/08/2025 14:25:41 PAGE 1   


C51 COMPILER V9.59.0.0, COMPILATION OF MODULE INTERACTIVE
OBJECT MODULE PLACED IN .\Objects\interactive.obj
COMPILER INVOKED BY: D:\Keil\Keil_C51\C51\BIN\C51.EXE APP\interactive.c LARGE OMF2 OPTIMIZE(8,SPEED) BROWSE INCDIR(.\Sou
                    -rces;.\APP;.\PAGE) DEBUG PRINT(.\Listings\interactive.lst) TABS(2) OBJECT(.\Objects\interactive.obj)

line level    source

   1          #include "interactive.h"
   2          #include "dgus.h"
   3          #include "norflash.h"
   4          
   5          
   6          /**************************************
   7          激光灯的交互功能、屏幕工作状态灯、RGB三色灯状态灯
   8          
   9          *******************************************/
  10          
  11          
  12          
  13          /*********************状态灯*****************
  14          说明：1）在UI上显示，若没有正在进行的任务则显示空白
  15            若开始启动程序但是UV为开，即显示绿点
  16            若UV关则显示红点
  17          
  18            2）指示灯：若启动程序则显示绿灯，若UV开显示红灯 两个兼容
  19          
  20            3）激光：除了首页、设置界面、连接界面，其他界面开始前都开启，
  21            若屏幕背光打开，则关闭激光
  22          *******************************************/
  23          
  24          
  25          
  26          
  27          #define System_Config 0x80
  28          //关闭蜂鸣器
  29          void Buzzer_Close_INIT()
  30          {
  31   1        u8 buffer_buzzer[4];
  32   1        
  33   1        ReadDGUS(System_Config,(uint8_t *)&buffer_buzzer,sizeof(buffer_buzzer));
  34   1        buffer_buzzer[3] = buffer_buzzer[3] |  0x08;
  35   1        WriteDGUS(System_Config,(uint8_t *)&buffer_buzzer,sizeof(buffer_buzzer)); 
  36   1        
  37   1      }
  38          
  39          
  40          //开启背光待机控制
  41          void LED_Open_INIT()
  42          {
  43   1        u8 buffer_buzzer[4];
  44   1        
  45   1        ReadDGUS(System_Config,(uint8_t *)&buffer_buzzer,sizeof(buffer_buzzer));
  46   1        buffer_buzzer[3] = buffer_buzzer[3] |  0x04;
  47   1        WriteDGUS(System_Config,(uint8_t *)&buffer_buzzer,sizeof(buffer_buzzer)); 
  48   1        
  49   1      }
  50          
  51          
  52          
  53          
  54          #define LED_Config 0x82
C51 COMPILER V9.59.0.0   INTERACTIVE                                                       05/08/2025 14:25:41 PAGE 2   

  55          //注意若开启背光待机控制，则不需要软件控制时长大小
  56          
  57          void LED_NORFLASH_INIT()    //初始化
  58          {
  59   1        u8 Screen_Light[4];
  60   1        u16 Screen_set_Time_min;
  61   1        
  62   1        ReadNorFlash_Str(Nor_set_light_Ad,(uint8_t*)&Screen_Light,2);
  63   1        
  64   1        //数据校验 
  65   1        Screen_set_Time_min=Screen_Light[2]<<8|Screen_Light[3]; 
  66   1        if(Screen_set_Time_min <= 0xffff && Screen_set_Time_min>=0x00)
  67   1        {
  68   2          
  69   2        }
  70   1        else {Screen_set_Time_min=0xffff;}  //一个单位10ms，ffff为10min
  71   1        
  72   1        if(Screen_Light[0] >=0x00 && Screen_Light[0]<=0x64)
  73   1        {}
  74   1          else {Screen_Light[0]=0x64;}      //工作亮度100%
  75   1          
  76   1        if(Screen_Light[1] >=0x00 && Screen_Light[1]<=0x64)
  77   1        {}
  78   1          else {Screen_Light[1]=0x32;}        //待机亮度50%
  79   1          
  80   1        WriteDGUS(0x82,(uint8_t *)&Screen_Light,sizeof(Screen_Light));  
  81   1        WriteDGUS(0x1440,(uint8_t *)&Screen_Light,sizeof(Screen_Light));  
  82   1      
  83   1      }
  84          
  85          /***********************用户写入 屏幕亮度 待机亮度 待机时间****************/
  86          void set_page_LED_write() //handl set界面摁下才执行
  87          { 
  88   1        u8 Screen_Light[4];
  89   1        //u16 Screen_set_Time_min;
  90   1      
  91   1        ReadDGUS(0x1440,(uint8_t *)&Screen_Light,sizeof(Screen_Light)); 
  92   1        WriteDGUS(0x82,(uint8_t *)&Screen_Light,sizeof(Screen_Light));
  93   1        WriteNorFlash_Str(Nor_set_light_Ad,(uint8_t*)&Screen_Light,2);// 32位长度 
  94   1        //Screen_set_Time_min=Screen_Light[2]<<8|Screen_Light[3];
  95   1      }
  96          
  97          
  98          
  99          
 100          //初始化只进行一次
 101          void Interactive_INIT()
 102          {
 103   1        Buzzer_Close_INIT();
 104   1        LED_Open_INIT();
 105   1        LED_NORFLASH_INIT();
 106   1        
 107   1        
 108   1        
 109   1      }
 110          
 111          
 112          //循环进行 
 113          void Interactive_RUNNING()
 114          {
 115   1        
 116   1        
C51 COMPILER V9.59.0.0   INTERACTIVE                                                       05/08/2025 14:25:41 PAGE 3   

 117   1      }


MODULE INFORMATION:   STATIC OVERLAYABLE
   CODE SIZE        =    323    ----
   CONSTANT SIZE    =   ----    ----
   XDATA SIZE       =   ----      16
   PDATA SIZE       =   ----    ----
   DATA SIZE        =   ----    ----
   IDATA SIZE       =   ----    ----
   BIT SIZE         =   ----    ----
   EDATA SIZE       =   ----    ----
   HDATA SIZE       =   ----    ----
   XDATA CONST SIZE =   ----    ----
   FAR CONST SIZE   =   ----    ----
END OF MODULE INFORMATION.


C51 COMPILATION COMPLETE.  0 WARNING(S),  0 ERROR(S)
