C51 COMPILER V9.59.0.0   MAIN                                                              04/22/2025 11:26:56 PAGE 1   


C51 COMPILER V9.59.0.0, COMPILATION OF MODULE MAIN
OBJECT MODULE PLACED IN .\Objects\main.obj
COMPILER INVOKED BY: D:\Keil\Keil_C51\C51\BIN\C51.EXE Sources\main.c LARGE OMF2 OPTIMIZE(3,SIZE) BROWSE INCDIR(.\Sources
                    -;.\APP) DEBUG PRINT(.\Listings\main.lst) TABS(2) OBJECT(.\Objects\main.obj)

line level    source

   1          /******************************************************************************
   2          * 文 件 名   : main.c
   3          * 版 本 号   : V1.0
   4          * 作    者   : pinot
   5          * 生成日期   : 2019年11月01日
   6          * 功能描述   : 主函数，外设和参数初始化，主循环中主要功能函数入口。
   7          * 修改历史   :
   8          * 日    期   :
   9          * 作    者   :
  10          * 修改内容   :
  11          ******************************************************************************/
  12          
  13          /*****************************************************************************
  14          系统库*/
  15          
  16          /*****************************************************************************
  17          自定义头文件*/
  18          #include "T5LOS8051.H"
  19          #include "sys.h"
  20          #include "handle.h"
  21          #include "i2c.h"
  22          
  23          
  24          #define   S_LED_0_Address 0x2000  
  25          #define   S_SPK_Address 0xA0    
  26          //uint8_t code CLED_R_1[] = "R ON";
  27          //uint8_t code CLED_R_0[] = "R OFF";
  28          //uint8_t code CLED_G_1[] = "G ON";
  29          //uint8_t code CLED_G_0[] = "G OFF";
  30          //uint8_t code CLED_B_1[] = "B ON";
  31          //uint8_t code CLED_B_0[] = "B OFF";
  32          //uint16_t LED_Buff[4]={0x0000,0,0x00,0x00};
  33          //uint16_t SPK_1S[4]={0x007d,0X00ff};
  34          
  35          
  36          
  37          
  38          //Uart2SendStr(CLED_B_0,sizeof(CLED_B_0));
  39                
  40          /*****************************************************************************
  41          主函数*/
  42          void main(void)
  43          {
  44   1        InitCPU();
  45   1        //InitUartSend();
  46   1        //InitUart();
  47   1        JumpPage(0x14);
  48   1        Init_Rtc();
  49   1        
  50   1        
  51   1        while(1)
  52   1        {
  53   2      
  54   2          //WriteDGUS(TOF_Address, (uint8_t *)&L,sizeof(L));
C51 COMPILER V9.59.0.0   MAIN                                                              04/22/2025 11:26:56 PAGE 2   

  55   2          //JumpPage(0x16);
  56   2           HandleProc();
  57   2            Clock();
  58   2          
  59   2        }
  60   1      }


MODULE INFORMATION:   STATIC OVERLAYABLE
   CODE SIZE        =     22    ----
   CONSTANT SIZE    =   ----    ----
   XDATA SIZE       =   ----    ----
   PDATA SIZE       =   ----    ----
   DATA SIZE        =   ----    ----
   IDATA SIZE       =   ----    ----
   BIT SIZE         =   ----    ----
   EDATA SIZE       =   ----    ----
   HDATA SIZE       =   ----    ----
   XDATA CONST SIZE =   ----    ----
   FAR CONST SIZE   =   ----    ----
END OF MODULE INFORMATION.


C51 COMPILATION COMPLETE.  0 WARNING(S),  0 ERROR(S)
