C51 COMPILER V9.59.0.0   CXH                                                               05/09/2025 19:35:34 PAGE 1   


C51 COMPILER V9.59.0.0, COMPILATION OF MODULE CXH
OBJECT MODULE PLACED IN .\Objects\cxh.obj
COMPILER INVOKED BY: D:\Keil\Keil_C51\C51\BIN\C51.EXE PAGE\cxh.c LARGE OMF2 OPTIMIZE(8,SPEED) BROWSE INCDIR(.\Sources;.\
                    -APP;.\PAGE) DEBUG PRINT(.\Listings\cxh.lst) TABS(2) OBJECT(.\Objects\cxh.obj)

line level    source

   1          #include "cxh.h"


MODULE INFORMATION:   STATIC OVERLAYABLE
   CODE SIZE        =   ----    ----
   CONSTANT SIZE    =   ----    ----
   XDATA SIZE       =   ----    ----
   PDATA SIZE       =   ----    ----
   DATA SIZE        =   ----    ----
   IDATA SIZE       =   ----    ----
   BIT SIZE         =   ----    ----
   EDATA SIZE       =   ----    ----
   HDATA SIZE       =   ----    ----
   XDATA CONST SIZE =   ----    ----
   FAR CONST SIZE   =   ----    ----
END OF MODULE INFORMATION.


C51 COMPILATION COMPLETE.  0 WARNING(S),  0 ERROR(S)
