C51 COMPILER V9.59.0.0   INTERACTIVE                                                       05/09/2025 19:35:34 PAGE 1   


C51 COMPILER V9.59.0.0, COMPILATION OF MODULE INTERACTIVE
OBJECT MODULE PLACED IN .\Objects\interactive.obj
COMPILER INVOKED BY: D:\Keil\Keil_C51\C51\BIN\C51.EXE APP\interactive.c LARGE OMF2 OPTIMIZE(8,SPEED) BROWSE INCDIR(.\Sou
                    -rces;.\APP;.\PAGE) DEBUG PRINT(.\Listings\interactive.lst) TABS(2) OBJECT(.\Objects\interactive.obj)

line level    source

   1          #include "interactive.h"
   2          #include "dgus.h"
   3          #include "norflash.h"
   4          #include "home.h"
   5          #include "qrj.h"
   6          /**************************************
   7          激光灯的交互功能、屏幕工作状态灯、RGB三色灯状态灯
   8          
   9          *******************************************/
  10          
  11          
  12          
  13          /*********************状态灯*****************
  14          说明：1）在UI上显示，若没有正在进行的任务则显示空白
  15            若开始启动程序但是UV为开，即显示绿点
  16            若UV关则显示红点
  17          
  18            2）指示灯：若启动程序则显示绿灯，若UV开显示红灯 两个兼容
  19          
  20            3）激光：除了首页、设置界面、连接界面，其他界面开始前都开启，
  21            若屏幕背光打开，则关闭激光
  22          *******************************************/
  23          
  24          
  25          
  26          
  27          
  28          //关闭蜂鸣器
  29          void Buzzer_Close_INIT()
  30          {
  31   1        u8 buffer_buzzer[4];
  32   1        u8 close_buzzer[4]={0};
  33   1        
  34   1        ReadDGUS(System_Config,(uint8_t *)&buffer_buzzer,sizeof(buffer_buzzer));
  35   1        buffer_buzzer[3] = buffer_buzzer[3] &  0xf7;
  36   1        WriteDGUS(System_Config,(uint8_t *)&buffer_buzzer,sizeof(buffer_buzzer)); 
  37   1        
  38   1        //写入nor flash 
  39   1        WriteNorFlash_Str(Nor_Buzzer_set,(uint8_t*)&close_buzzer,2);
  40   1        WriteDGUS(0x1280,(uint8_t *)&(close_buzzer),sizeof(close_buzzer));  //写入设置页面
  41   1        
  42   1      }
  43          
  44          void BUZZER_NORFLASH_INIT()   //初始化
  45          {
  46   1        u8 nor_buzzer[4];
  47   1        u8 buffer_buzzer[4];
  48   1        ReadNorFlash_Str(Nor_Buzzer_set,(uint8_t*)&nor_buzzer,2);
  49   1        
  50   1        ReadDGUS(System_Config,(uint8_t *)&buffer_buzzer,sizeof(buffer_buzzer));
  51   1        if(nor_buzzer[1]==1)
  52   1        {//open
  53   2          buffer_buzzer[3] = buffer_buzzer[3] |  0x08;    
  54   2          WriteDGUS(0x1280,(uint8_t *)&(nor_buzzer),sizeof(nor_buzzer));  //写入设置页面
C51 COMPILER V9.59.0.0   INTERACTIVE                                                       05/09/2025 19:35:34 PAGE 2   

  55   2        }
  56   1        else if(nor_buzzer[1]==0)
  57   1        {//close
  58   2          buffer_buzzer[3] = buffer_buzzer[3] &  0xf7;
  59   2          WriteDGUS(0x1280,(uint8_t *)&(nor_buzzer),sizeof(nor_buzzer));  //写入设置页面
  60   2        }
  61   1      
  62   1        WriteDGUS(System_Config,(uint8_t *)&buffer_buzzer,sizeof(buffer_buzzer)); 
  63   1        
  64   1        
  65   1      }
  66          
  67          
  68          
  69          //开启背光待机控制
  70          void LED_Open_INIT()
  71          {
  72   1        u8 buffer_buzzer[4];
  73   1        
  74   1        ReadDGUS(System_Config,(uint8_t *)&buffer_buzzer,sizeof(buffer_buzzer));
  75   1        buffer_buzzer[3] = buffer_buzzer[3] |  0x04;
  76   1        WriteDGUS(System_Config,(uint8_t *)&buffer_buzzer,sizeof(buffer_buzzer)); 
  77   1        
  78   1      }
  79          
  80          
  81          
  82          
  83          #define LED_Config 0x82
  84          //注意若开启背光待机控制，则不需要软件控制时长大小
  85          
  86          void LED_NORFLASH_INIT()    //初始化
  87          {
  88   1        u8 Screen_Light[4];
  89   1        u16 Screen_set_Time_min;
  90   1        
  91   1        ReadNorFlash_Str(Nor_set_light_Ad,(uint8_t*)&Screen_Light,2);
  92   1        
  93   1        //数据校验 
  94   1        Screen_set_Time_min=Screen_Light[2]<<8|Screen_Light[3]; 
  95   1        if(Screen_set_Time_min <= 0xffff && Screen_set_Time_min>=0x00)
  96   1        {
  97   2          
  98   2        }
  99   1        else {Screen_set_Time_min=0xffff;}  //一个单位10ms，ffff为10min
 100   1        
 101   1        if(Screen_Light[0] >=0x00 && Screen_Light[0]<=0x64)
 102   1        {}
 103   1          else {Screen_Light[0]=0x64;}      //工作亮度100%
 104   1          
 105   1        if(Screen_Light[1] >=0x00 && Screen_Light[1]<=0x64)
 106   1        {}
 107   1          else {Screen_Light[1]=0x32;}        //待机亮度50%
 108   1          
 109   1        WriteDGUS(0x82,(uint8_t *)&Screen_Light,sizeof(Screen_Light));  
 110   1        WriteDGUS(0x1440,(uint8_t *)&Screen_Light,sizeof(Screen_Light));  
 111   1      
 112   1      }
 113          
 114          /***********************用户写入 屏幕亮度 待机亮度 待机时间****************/
 115          void set_page_LED_write() //handl set界面摁下才执行
 116          { 
C51 COMPILER V9.59.0.0   INTERACTIVE                                                       05/09/2025 19:35:34 PAGE 3   

 117   1        u8 Screen_Light[4];
 118   1        //u16 Screen_set_Time_min;
 119   1      
 120   1        ReadDGUS(0x1440,(uint8_t *)&Screen_Light,sizeof(Screen_Light)); 
 121   1        WriteDGUS(0x82,(uint8_t *)&Screen_Light,sizeof(Screen_Light));
 122   1        WriteNorFlash_Str(Nor_set_light_Ad,(uint8_t*)&Screen_Light,2);// 32位长度 
 123   1        //Screen_set_Time_min=Screen_Light[2]<<8|Screen_Light[3];
 124   1      }
 125          
 126          /***********************************************************************
 127          状态灯
 128          运行状态，灯亮红灯
 129          暂停状态，绿灯闪烁
 130          运行状态，但uv不亮，亮绿灯
 131          ***************************************************************************/
 132          void RGB_JIGUANG_STATELED_INIT()
 133          {
 134   1        
 135   1          
 136   1      }
 137          
 138          
 139          
 140          u16 shandong_LED_100ms=0;
 141            //放在主程序中，唯一问题就是一直在写入，浪费内存空间
 142          void RGB_JIGUANG_STATEKED_RUNNING()
 143          {
 144   1          static bit shandong_flag=0;
 145   1        //主页面，联机，设置不运行
 146   1        if(CurrentPageNum[1]!=Page_home &&CurrentPageNum[1]!=Page_lianji  &&CurrentPageNum[1]!=Page_shezhi  )
 147   1        {
 148   2      //初始化0x00，第一次进入界面0x01，就绪态0x02（第一次进入界面只运行一次后，未执行任务），运行态0x03开始，
 149   2      //运行态暂停0x04，运行态结束0x05,复位0x06
 150   2        
 151   2          JIGUANG = 1;
 152   2          
 153   2          if(current_st == 0x03 && UV_St==0)  //开始运行，灯在工作
 154   2          {
 155   3            WriteDGUS(state_icon,(uint8_t *)&(icon[2]),sizeof(icon[2]));  //出现log图标 红灯照射中
 156   3            LED_B=1; LED_G=0;
 157   3            
 158   3          }
 159   2          else if( current_st== 0x03 && UV_St==1)//运行下，灯不亮
 160   2          {
 161   3            WriteDGUS(state_icon,(uint8_t *)&(icon[1]),sizeof(icon[1]));  //绿灯运行中，但未照射
 162   3            LED_B=0; LED_G=1;
 163   3          }
 164   2          else if(current_st== 0x04 && UV_St==1)//暂停下且灯不工作
 165   2          {
 166   3            if(shandong_LED_100ms>=5) //500ms
 167   3            {
 168   4              if(shandong_flag)
 169   4              {
 170   5                shandong_flag=~shandong_flag;
 171   5                WriteDGUS(state_icon,(uint8_t *)&(icon[1]),sizeof(icon[1]));  //绿灯运行中，但未照射
 172   5                LED_B=0; LED_G=1;       
 173   5              }
 174   4              else
 175   4              {
 176   5                shandong_flag=~shandong_flag;         
 177   5                WriteDGUS(state_icon,(uint8_t *)&(icon[0]),sizeof(icon[0]));  //透明
 178   5                LED_B=0; LED_G=0;
C51 COMPILER V9.59.0.0   INTERACTIVE                                                       05/09/2025 19:35:34 PAGE 4   

 179   5              }     
 180   4              shandong_LED_100ms=0;
 181   4            }
 182   3      
 183   3          }
 184   2          else //除此自外
 185   2          {
 186   3            WriteDGUS(state_icon,(uint8_t *)&(icon[0]),sizeof(icon[0]));  //透明
 187   3            LED_B=0; LED_G=0;
 188   3          }   
 189   2        }
 190   1        else
 191   1        {JIGUANG=0;}
 192   1      
 193   1      }
 194          
 195          
 196          //初始化只进行一次
 197          void Interactive_INIT()
 198          {
 199   1        //Buzzer_Close_INIT();  //关闭蜂鸣器配置
 200   1        LED_Open_INIT();      //打开背光控制配置
 201   1        BUZZER_NORFLASH_INIT(); //初始化蜂鸣器  
 202   1        LED_NORFLASH_INIT();  //初始化背光
 203   1        RGB_JIGUANG_STATELED_INIT();//初始化状态灯，激光，页面状态灯
 204   1        
 205   1        
 206   1      }
 207          
 208          
 209          //循环进行 
 210          void Interactive_RUNNING()
 211          {
 212   1        
 213   1        
 214   1      }


MODULE INFORMATION:   STATIC OVERLAYABLE
   CODE SIZE        =    733    ----
   CONSTANT SIZE    =      4    ----
   XDATA SIZE       =      2      28
   PDATA SIZE       =   ----    ----
   DATA SIZE        =   ----    ----
   IDATA SIZE       =   ----    ----
   BIT SIZE         =      1    ----
   EDATA SIZE       =   ----    ----
   HDATA SIZE       =   ----    ----
   XDATA CONST SIZE =   ----    ----
   FAR CONST SIZE   =   ----    ----
END OF MODULE INFORMATION.


C51 COMPILATION COMPLETE.  0 WARNING(S),  0 ERROR(S)
