C51 COMPILER V9.59.0.0   HOME                                                              04/22/2025 16:30:38 PAGE 1   


C51 COMPILER V9.59.0.0, COMPILATION OF MODULE HOME
OBJECT MODULE PLACED IN .\Objects\home.obj
COMPILER INVOKED BY: D:\Keil\Keil_C51\C51\BIN\C51.EXE PAGE\home.c LARGE OPTIMIZE(3,SIZE) BROWSE INCDIR(.\Sources;.\APP;.
                    -\PAGE) DEBUG OBJECTEXTEND PRINT(.\Objects\home.lst) TABS(2) OBJECT(.\Objects\home.obj)

line level    source

   1          #include  "home.h"
   2          #include "dgus.h"
   3          #include "qrj.h"
   4          uint8_t CurrentPageNum[2]={0};  //CurrentPageNum[1]是当前页面
   5          
   6          //放在主函数里循环执行当前页面的程序
   7          void ReadCurrentPage_run()    
   8          {
   9   1      
  10   1        ReadDGUS(0x14,(uint8_t *)&CurrentPageNum,sizeof(CurrentPageNum));
  11   1        switch(CurrentPageNum[1])
  12   1        {
  13   2          case Page_home: 
  14   2          {
  15   3            QRJ_run();
  16   3            break;
  17   3          }
  18   2          
  19   2          case Page_qirongjiao:
  20   2          {
  21   3            
  22   3            break;
  23   3          }
  24   2            
  25   2          case Page_zhongxin:
  26   2          {
  27   3      
  28   3            break;
  29   3          }
  30   2          
  31   2          case Page_quyu:
  32   2          {
  33   3            break;
  34   3          }
  35   2          
  36   2              
  37   2          case Page_chengxuhua:
  38   2          {
  39   3      
  40   3            break;
  41   3          }
  42   2          
  43   2              
  44   2          case Page_zhiliao:
  45   2          {
  46   3            break;
  47   3          }
  48   2          
  49   2              
  50   2          case Page_shoudong:
  51   2          {   
  52   3      
  53   3            break;
  54   3          }
C51 COMPILER V9.59.0.0   HOME                                                              04/22/2025 16:30:38 PAGE 2   

  55   2                
  56   2          case Page_lianji:
  57   2          {
  58   3        
  59   3            break;
  60   3          }
  61   2          
  62   2              
  63   2          case Page_shezhi:
  64   2          {
  65   3      
  66   3            break;
  67   3          }
  68   2          
  69   2          case Page_chengxuhua_JUMP:
  70   2          {
  71   3            
  72   3            break;
  73   3          }
  74   2              
  75   2            case Page_zhiliao_JUMP:
  76   2          {
  77   3            break;
  78   3          }
  79   2          default:
  80   2          {
  81   3            
  82   3            break;
  83   3          }
  84   2          
  85   2        }
  86   1        
  87   1      }
  88          


MODULE INFORMATION:   STATIC OVERLAYABLE
   CODE SIZE        =     70    ----
   CONSTANT SIZE    =   ----    ----
   XDATA SIZE       =      2    ----
   PDATA SIZE       =   ----    ----
   DATA SIZE        =   ----    ----
   IDATA SIZE       =   ----    ----
   BIT SIZE         =   ----    ----
END OF MODULE INFORMATION.


C51 COMPILATION COMPLETE.  0 WARNING(S),  0 ERROR(S)
