C51 COMPILER V9.59.0.0   HANDLE                                                            04/30/2025 17:32:02 PAGE 1   


C51 COMPILER V9.59.0.0, COMPILATION OF MODULE HANDLE
OBJECT MODULE PLACED IN .\Objects\handle.obj
COMPILER INVOKED BY: D:\Keil\Keil_C51\C51\BIN\C51.EXE Sources\handle.c LARGE OMF2 OPTIMIZE(8,SPEED) BROWSE INCDIR(.\Sour
                    -ces;.\APP;.\PAGE) DEBUG PRINT(.\Listings\handle.lst) TABS(2) OBJECT(.\Objects\handle.obj)

line level    source

   1          /******************************************************************************
   2          * 文 件 名   : handle.c
   3          * 版 本 号   : V1.0
   4          * 作    者   : pinot
   5          * 生成日期   : 2019年11月27日
   6          * 功能描述   : 逻辑处理
   7          * 修改历史   :
   8          * 日    期   :
   9          * 作    者   :
  10          * 修改内容   :
  11          ******************************************************************************/
  12          
  13          /*****************************************************************************
  14          自定义头文件*/
  15          #include "handle.h"
  16          #include  "i2c.h"
  17          #include "home.h"
  18          
  19          #include "qrj.h"
  20          /*****************************************************************************
  21          全局变量*/
  22          //内部RAM
  23          uint8_t value0F00[4] = {0};
  24          uint8_t xp_status=0;
  25          
  26          //外部RAM
  27          typedef struct dlt_645_8283
  28          {
  29              uint8_t st_byte1;//帧起始符
  30              uint8_t st_byte2;//帧起始符
  31              uint8_t lenth;//长度
  32              uint8_t func;//类型
  33              uint8_t addr1;//地址
  34              uint8_t addr2;//地址  
  35              uint8_t edata[250];//数据内容
  36          }dl_t_645_8283_body;
  37          dl_t_645_8283_body xdata s_dl_t_645_8283_body={0};
  38          
  39          
  40          
  41          //后期函数封装方便在别的.c文件中访问结构体
  42          u8 get_data1(void) {
  43   1          return s_dl_t_645_8283_body.edata[1]; //低字节
  44   1      }
  45          
  46          
  47          
  48          
  49          #define FRAME_BUFFER_LEN 255
  50          uint8_t xdata frame_buf[FRAME_BUFFER_LEN];//用来存取一帧数据
  51          uint8_t xdata frame_buf1[FRAME_BUFFER_LEN]=0;//用来存取一帧数据
  52          #define DLT_645_LEAST_LEN 7
  53          
  54          
C51 COMPILER V9.59.0.0   HANDLE                                                            04/30/2025 17:32:02 PAGE 2   

  55          //代码空间
  56          uint8_t code CUart2[] = "Uart2Init Done!!!123";
  57          uint8_t code CUart3[] = "Uart3Init Done!!!";
  58          uint8_t code CUart4[] = "Uart4Init Done!!!";
  59          uint8_t code CUart5[] = "Uart5Init Done!!!";
  60          
  61          
  62          //解析到一帧数据可能出现的情况
  63          typedef enum frame_result
  64          {
  65              UNKNOWN,
  66              OK,           //成功找到一帧
  67              UNFINISHED,   //未接收完成
  68              ERROR,        //不满足此协议
  69          }frame_result_t;
  70          
  71          //定义协议类型
  72          typedef enum protocol_type
  73          {
  74              PROTOCOL_UNKNOWN,
  75              PROTOCOL_DL_T_698,
  76              PROTOCOL_DL_T_645,
  77              PROTOCOL_OTHER,
  78          }protocol_type_t;
  79          
  80          #if 1
  81          /*****************************************************************************
  82          控制亮度*/
  83          void SetBlight(uint8_t n)
  84          {
  85   1      //  uint8_t temp[4]={0};
  86   1        WriteDGUS(DHW_LEDCFG,(uint8_t *)&n,sizeof(n));
  87   1      //  do
  88   1      //  {
  89   1      //    DelayMs(5);
  90   1      //    ReadDGUS(DHW_LEDNOW,temp,2);//设置亮度与获取到的亮度不一致
  91   1      //  }while(!(temp[1]==n));
  92   1      }
  93          /*****************************************************************************
  94          控制伴音*/
  95          void SetVoice(int8_t status)
  96          {
  97   1        uint8_t temp[4]={0};
  98   1        ReadDGUS(DHW_SYSCFG,temp,sizeof(temp));
  99   1        temp[0]=0x5A;
 100   1        if(1==status){temp[3]&=0xF7;}
 101   1        else if(2==status){temp[3]|=0x08;}
 102   1        else{return;}
 103   1        WriteDGUS(DHW_SYSCFG,temp,sizeof(temp));
 104   1        do
 105   1        {
 106   2          DelayMs(5);
 107   2          ReadDGUS(DHW_SYSCFG,temp,1);
 108   2        }while(temp[0]!=0);
 109   1      }
 110          
 111          #endif
 112          
 113          
 114          /*****************************************************************************
 115          判断按键值是否有上传*/
 116          int8_t GetValue0F00(void)
C51 COMPILER V9.59.0.0   HANDLE                                                            04/30/2025 17:32:02 PAGE 3   

 117          {
 118   1        uint8_t cleanData[4]={0};
 119   1        ReadDGUS(DHW_0F00,value0F00,sizeof(value0F00));
 120   1        if(0x5A == value0F00[0])
 121   1        {
 122   2          WriteDGUS(DHW_0F00,cleanData,sizeof(cleanData));
 123   2          return 1;
 124   2        }
 125   1        return 0;
 126   1      }
 127          /*****************************************************************************
 128          串口初次打印*/
 129          void InitUartSend(void)
 130          {
 131   1        Uart2SendStr(CUart2,sizeof(CUart2));
 132   1      //  Uart3SendStr(CUart3,sizeof(CUart3));
 133   1      //  Uart4SendStr(CUart4,sizeof(CUart4));
 134   1      //  Uart5SendStr(CUart5,sizeof(CUart5));
 135   1      }
 136          
 137          #if 1
 138          /*****************************************************************************
 139          跳转指定页面*/
 140          void JumpPage(uint16_t pageId)
 141          {
 142   1        uint8_t temp[4]={0x5A,0x01,0,0};
 143   1        temp[2]=(uint8_t)(pageId>>8);
 144   1        temp[3]=pageId;
 145   1        WriteDGUS(DHW_SPAGE,temp,sizeof(temp));
 146   1        do
 147   1        {
 148   2          DelayMs(5);
 149   2          ReadDGUS(DHW_SPAGE,temp,1);
 150   2        }while(temp[0]!=0);
 151   1      }
 152          #endif
 153          
 154          
 155          
 156          
 157          void page_set(uint16_t getDar)
 158          {
 159   1      //u16 char_attend_rtc=0x1300;
 160   1      //        else  if(Page_s[1]==Page_shezhi)
 161   1      //  {
 162   1        
 163   1        
 164   1        
 165   1          switch(CurrentPageNum[1])
 166   1        {
 167   2          case Page_home: 
 168   2          {
 169   3      
 170   3            
 171   3            break;
 172   3          }
 173   2          
 174   2          case Page_qirongjiao:
 175   2          {
 176   3            if(getDar==0x3010)  //按下开始暂停 但不知道是哪个
 177   3            {
 178   4              //QRJ_run();
C51 COMPILER V9.59.0.0   HANDLE                                                            04/30/2025 17:32:02 PAGE 4   

 179   4                if(get_data1()==0x01) //读取数据  开始
 180   4                {
 181   5                  if(current_st==0x05)  //自然结束
 182   5                  {
 183   6                    QRJ_Reset();
 184   6                    current_st = 0x03;
 185   6                  }
 186   5                  else  if(current_st == 0x02){current_st = 0x03;Lock_current_page();}  //由就绪态来的
 187   5                  
 188   5                  else if(current_st == 0x04){current_st = 0x03;}//由暂停来的
 189   5                }
 190   4                else if(get_data1()==0x00)  //暂停
 191   4                {
 192   5                  current_st = 0x04;
 193   5                  
 194   5                }
 195   4                else current_st = 0x01;
 196   4              
 197   4            }
 198   3            else if(getDar==0x3020) //按下复位建
 199   3            {
 200   4              current_st = 0x06;  //复位
 201   4              //QRJ_Reset();
 202   4            }
 203   3            
 204   3            
 205   3            break;
 206   3          }
 207   2            
 208   2          case Page_zhongxin:
 209   2          {
 210   3            
 211   3      
 212   3            
 213   3            break;
 214   3          }
 215   2          
 216   2          case Page_quyu:
 217   2          {
 218   3            
 219   3      
 220   3            
 221   3            break;
 222   3          }
 223   2          
 224   2              
 225   2          case Page_chengxuhua:
 226   2          {
 227   3      
 228   3            break;
 229   3          }
 230   2          
 231   2              
 232   2          case Page_zhiliao:
 233   2          {
 234   3            break;
 235   3          }
 236   2          
 237   2              
 238   2          case Page_shoudong:
 239   2          {   
 240   3      
C51 COMPILER V9.59.0.0   HANDLE                                                            04/30/2025 17:32:02 PAGE 5   

 241   3            break;
 242   3          }
 243   2                
 244   2          case Page_lianji:
 245   2          {
 246   3        
 247   3            break;
 248   3          }
 249   2          
 250   2              
 251   2          case Page_shezhi:
 252   2          {
 253   3        if(getDar==0x1440 ||  getDar==0x1441) //屏幕亮度
 254   3        {
 255   4            //set_page_write();
 256   4        }
 257   3        else if(getDar==0x1400)   //rtc set finish
 258   3        {
 259   4          RTC_SET_IN(); 
 260   4        }
 261   3        else if(getDar==0x1410)   //治疗预设写入 flash
 262   3        {
 263   4          //zhiliao_SET();
 264   4        }
 265   3        else if(getDar==0x1420)   //开机自动启动 
 266   3        {
 267   4          //Sudoopen_set_handle();
 268   4        }
 269   3        else if(getDar==0x1430)         //恢复出厂设置
 270   3        {
 271   4         //reset_data();
 272   4        }
 273   3            break;
 274   3          }
 275   2          
 276   2          case Page_chengxuhua_JUMP:
 277   2          {
 278   3            
 279   3            break;
 280   3          }
 281   2              
 282   2            case Page_zhiliao_JUMP:
 283   2          {
 284   3            break;
 285   3          }
 286   2          default:
 287   2          {
 288   3            
 289   3            break;
 290   3          }
 291   2          
 292   2        }
 293   1        
 294   1      
 295   1        
 296   1        
 297   1        
 298   1        
 299   1      }
 300            
 301            
 302          /*****************************************************************************
C51 COMPILER V9.59.0.0   HANDLE                                                            04/30/2025 17:32:02 PAGE 6   

 303          按键按压之后处理流程*/
 304          void TouchHandle(void)
 305          {
 306   1        uint8_t temp[16]={0};
 307   1        uint16_t flag=0;
 308   1        uint16_t iconid=0;
 309   1        uint16_t getDar=0;
 310   1        getDar = value0F00[1]<<8|value0F00[2];
 311   1        LOG((uint8_t *)&getDar,sizeof(getDar));
 312   1        
 313   1        s_dl_t_645_8283_body.st_byte1=0x5A;
 314   1        s_dl_t_645_8283_body.st_byte2=0xA5;
 315   1        s_dl_t_645_8283_body.lenth=value0F00[3]*2+3;  
 316   1        s_dl_t_645_8283_body.func=0x83; 
 317   1        s_dl_t_645_8283_body.addr1=value0F00[1];
 318   1        s_dl_t_645_8283_body.addr2=value0F00[2];
 319   1        ReadDGUS(getDar,(uint8_t *)&s_dl_t_645_8283_body.edata[0],value0F00[3]*2);  //edata[0] edata[1]读取16bit
 320   1        
 321   1        
 322   1        page_set(getDar);
 323   1        
 324   1        
 325   1        
 326   1        
 327   1      //  Uart2SendStr((uint8_t *)&s_dl_t_645_8283_body,s_dl_t_645_8283_body.lenth+3);
 328   1      
 329   1      //  switch(getDar)
 330   1      //  {
 331   1      //    default:
 332   1      //    break;
 333   1      //  }
 334   1      }
 335          
 336          /*****************************************************************************
 337          功能：回传数据*/
 338          void dlt645_handle(void)
 339          {
 340   1        uint16_t ADDR=0;
 341   1      
 342   1        ADDR = ((uint16_t)(s_dl_t_645_8283_body.addr1))<<8 | s_dl_t_645_8283_body.addr2;
 343   1      
 344   1        if(s_dl_t_645_8283_body.func == 0x82)
 345   1        {
 346   2          WriteDGUS(ADDR,(uint8_t *)&(s_dl_t_645_8283_body.edata),s_dl_t_645_8283_body.lenth-3);
 347   2          s_dl_t_645_8283_body.lenth=3;
 348   2          s_dl_t_645_8283_body.addr1=0x4F;
 349   2          s_dl_t_645_8283_body.addr2=0x4B;
 350   2          Uart2SendStr((uint8_t *)&s_dl_t_645_8283_body,s_dl_t_645_8283_body.lenth+3);
 351   2        }
 352   1        else if(s_dl_t_645_8283_body.func == 0x83)
 353   1        {
 354   2          ReadDGUS(ADDR,(uint8_t *)&(s_dl_t_645_8283_body.edata[1]),s_dl_t_645_8283_body.edata[0]*2);
 355   2          s_dl_t_645_8283_body.lenth+=s_dl_t_645_8283_body.edata[0]*2;
 356   2          Uart2SendStr((uint8_t *)&s_dl_t_645_8283_body,s_dl_t_645_8283_body.lenth+3);
 357   2        }
 358   1        
 359   1      }
 360          /*****************************************************************************
 361          功能:检索一帧数据将值赋给结构体*/
 362          uint8_t parse_dlt645_frame(uint8_t *p_frame, uint16_t frame_len, uint8_t* sframe_body)
 363          {
 364   1          uint16_t temp16_t = 0;//一帧数据的总长度
C51 COMPILER V9.59.0.0   HANDLE                                                            04/30/2025 17:32:02 PAGE 7   

 365   1          uint16_t i = 0;
 366   1      
 367   1          if(1){
 368   2              memcpy(sframe_body,p_frame, frame_len);
 369   2              return 1;
 370   2          }
 371   1         // return 0;     //上面if(1)永远都成立，执行不到这一行
 372   1      } 
 373          /*****************************************************************************
 374          功能:从缓存区buf中检索dlt645帧数据*/
 375          /*
 376           * 将一帧数据读取到frame_buf中     
 377           * line:缓存区0x7F开头的数据
 378           * out:将捡出来的帧复制到该数组中
 379           * frame_len:捡出来的帧的长度，
 380           * line_len:缓存区buf中0x7F开头的数据长度
 381           **/
 382          frame_result_t find_dlt645_frame(uint8_t* line, uint8_t* out, uint16_t* frame_len, uint16_t line_len) {
 383   1          uint16_t frame_length = 0;//一帧数据的总长度
 384   1          uint16_t temp_len = 0;
 385   1      
 386   1          if (line_len < DLT_645_LEAST_LEN) {
 387   2              return UNFINISHED;
 388   2          }
 389   1          //判断第0位
 390   1          if (line[0] != 0x5A) {  
 391   2              return ERROR;
 392   2          }
 393   1          if (line[1] != 0xA5) {  
 394   2              return ERROR;
 395   2          }   
 396   1          frame_length = line[2]+3;
 397   1          
 398   1          if (frame_length <= line_len) {
 399   2                  //检到一帧数据                
 400   2                  for (temp_len = 0; temp_len < frame_length; temp_len ++) {
 401   3                      out[temp_len] = *line;
 402   3                      line++;
 403   3                  }
 404   2                  *frame_len = frame_length;
 405   2                  return OK;
 406   2          } else {
 407   2              //数据还没接收完整
 408   2              return UNFINISHED;
 409   2          }
 410   1      }
 411          
 412          /*****************************************************************************
 413          功能:协议数据解析*/
 414          void ParseBuffer(void)
 415          {
 416   1          uint16_t frame_length = 0;//一帧数据的总长度
 417   1          uint16_t i = 0, temp_len = 0;
 418   1          uint8_t has_content = 0;//buf中是否有数据
 419   1          uint8_t frame_error = 0;//缓存区当前的数据对所有协议都不满足
 420   1          uint8_t*  p_buf= Uart2_Rx;
 421   1          protocol_type_t protl_type = PROTOCOL_UNKNOWN;
 422   1          frame_result_t find_frame_re = UNKNOWN;
 423   1      
 424   1          //用来保存每个协议解析后的结果 
 425   1          //frame_results[0] 保存PROTOCOL_DL_T_645协议解析结果
 426   1          //frame_results[1] 保存PROTOCOL_DL_T_698协议解析结果
C51 COMPILER V9.59.0.0   HANDLE                                                            04/30/2025 17:32:02 PAGE 8   

 427   1          frame_result_t frame_results[2] = {UNKNOWN, UNKNOWN}; 
 428   1      
 429   1          has_content = uart2_rx_count > 2;
 430   1          while (has_content) {
 431   2              p_buf = Uart2_Rx;
 432   2              //检索0x5A开头的数据
 433   2              while (*p_buf != 0x5A && p_buf < Uart2_Rx + uart2_rx_count) {
 434   3                  p_buf ++;
 435   3              }
 436   2              if (p_buf == Uart2_Rx + uart2_rx_count) {
 437   3                  //检索当前包数据，都不包含，清空
 438   3                  uart2_rx_count = 0;
 439   3                  break;
 440   3              }
 441   2              //Uart4_Rx中剩余的数据长度
 442   2              temp_len = uart2_rx_count - (p_buf - Uart2_Rx);
 443   2      
 444   2              //以下处理不包含校验
 445   2              switch(protl_type) {
 446   3                  case PROTOCOL_UNKNOWN:
 447   3                      memset(frame_buf,0,sizeof(frame_buf));
 448   3                      find_frame_re = UNKNOWN;
 449   3                      frame_error = 0;
 450   3                      frame_length = 0;
 451   3                      for (i = 0; i < 3; i ++) {
 452   4                          frame_results[i] = UNKNOWN;
 453   4                      }
 454   3                      
 455   3                  case PROTOCOL_DL_T_645:
 456   3                      find_frame_re = find_dlt645_frame(p_buf, frame_buf, &frame_length, temp_len);
 457   3      
 458   3                      frame_results[0] = find_frame_re;
 459   3                      if (find_frame_re == OK) {
 460   4                            if (parse_dlt645_frame(frame_buf, frame_length, (uint8_t *)&s_dl_t_645_8283_body)) {
 461   5                                //解析到一包有效数据
 462   5                              dlt645_handle();
 463   5                              memset(&s_dl_t_645_8283_body, 0, sizeof(dl_t_645_8283_body));
 464   5                            }
 465   4                            break;
 466   4                      }
 467   3      
 468   3                  case PROTOCOL_OTHER:
 469   3                      //此处添加其他协议解析
 470   3                      //break;
 471   3                      
 472   3                  default :
 473   3                      if (frame_results[0] == ERROR ) {
 474   4                          //缓存区的数据不满足现有协议的解析
 475   4                          //继续找下一个0x7F起始符
 476   4                          p_buf ++;//跳过当前的0x7F
 477   4                          //检索0x7F开头的数据
 478   4                          while (*p_buf != 0x5A && p_buf < Uart2_Rx + uart2_rx_count) {
 479   5                              p_buf ++;
 480   5                          }
 481   4                          
 482   4                          if (p_buf == Uart2_Rx + uart2_rx_count) {
 483   5                              //检索当前包数据，都不包含，清空
 484   5                              uart2_rx_count = 0;
 485   5                              break;
 486   5                          }
 487   4      
 488   4                          //找到下一条0x5A开头的数据帧
C51 COMPILER V9.59.0.0   HANDLE                                                            04/30/2025 17:32:02 PAGE 9   

 489   4                          frame_error = 1;
 490   4                      }
 491   3                      break;
 492   3              }
 493   2      
 494   2              //当成功检索到一帧数据或缓存区的数据不满足现有协议的解析
 495   2              //buf中剩余的有效数据前移
 496   2              if (find_frame_re == OK || frame_error) {
 497   3                  //uart_rcvd_buf剩余的数据长度
 498   3                  temp_len = uart2_rx_count - (p_buf - Uart2_Rx) - frame_length;
 499   3                  if (temp_len > 0) {
 500   4                      //当前uart_rcvd_buf中剩余的数据前移
 501   4                      for (i = 0; i < temp_len; i ++) {
 502   5                          Uart2_Rx[i] = *(p_buf + frame_length + i);
 503   5                          *(p_buf + frame_length + i) = 0x00;
 504   5                      }
 505   4                      has_content = 1;//继续循环解析
 506   4                  } else {
 507   4                      //解析过的位清空
 508   4                      for (i = 0; i < (p_buf - Uart2_Rx) + frame_length; i ++) {
 509   5                          Uart2_Rx[i] = 0x00;
 510   5                      }
 511   4                      has_content = 0;
 512   4                  }
 513   3                  uart2_rx_count = temp_len;
 514   3              } else {
 515   3                  has_content = 0;
 516   3              }
 517   2          }
 518   1      }
 519          
 520          
 521          /*****************************************************************************
 522          主流程*/
 523          void HandleProc(void)
 524          {
 525   1          if(GetValue0F00())    //检测是否有触摸上传数据
 526   1          {
 527   2            TouchHandle();
 528   2          }
 529   1          ParseBuffer();
 530   1      }


MODULE INFORMATION:   STATIC OVERLAYABLE
   CODE SIZE        =   2036    ----
   CONSTANT SIZE    =    105    ----
   XDATA SIZE       =    771      84
   PDATA SIZE       =   ----    ----
   DATA SIZE        =   ----    ----
   IDATA SIZE       =   ----    ----
   BIT SIZE         =   ----    ----
   EDATA SIZE       =   ----    ----
   HDATA SIZE       =   ----    ----
   XDATA CONST SIZE =   ----    ----
   FAR CONST SIZE   =   ----    ----
END OF MODULE INFORMATION.


C51 COMPILATION COMPLETE.  0 WARNING(S),  0 ERROR(S)
