C51 COMPILER V9.59.0.0   TIMER                                                             04/30/2025 17:32:02 PAGE 1   


C51 COMPILER V9.59.0.0, COMPILATION OF MODULE TIMER
OBJECT MODULE PLACED IN .\Objects\timer.obj
COMPILER INVOKED BY: D:\Keil\Keil_C51\C51\BIN\C51.EXE Sources\timer.c LARGE OMF2 OPTIMIZE(8,SPEED) BROWSE INCDIR(.\Sourc
                    -es;.\APP;.\PAGE) DEBUG PRINT(.\Listings\timer.lst) TABS(2) OBJECT(.\Objects\timer.obj)

line level    source

   1          /******************************************************************************
   2          * 文 件 名   : timer.c
   3          * 版 本 号   : V1.0
   4          * 作    者   : pinot
   5          * 生成日期   : 2019年11月18日
   6          * 功能描述   : 定时器应用
   7          * 修改历史   :
   8          * 日    期   :
   9          * 作    者   :
  10          * 修改内容   :
  11          ******************************************************************************/
  12          
  13          /*****************************************************************************
  14          自定义头文件*/
  15          #include "timer.h"
  16          #include "i2c.h"
  17          
  18          #include "home.h"
  19          /*****************************************************************************
  20          全局变量*/
  21          
  22          /*****************************************************************************
  23          定时器0*/
  24          void T0_Init(void)
  25          {
  26   1        TMOD|=0x01;
  27   1        TH0=T1MS>>8;        //1ms定时器
  28   1        TL0=T1MS;
  29   1        ET0=1;              //开启定时器0中断
  30   1        TR0=1;              //开启定时器
  31   1      }
  32          
  33          u32 i=0;
  34          void T0_ISR_PC(void)    interrupt 1
  35          {
  36   1        EA=0;
  37   1        TH0=T1MS>>8;
  38   1        TL0=T1MS;
  39   1        
  40   1        
  41   1        SysTick_RTC++;    //500ms
  42   1        i++;
  43   1        if(i>=100)
  44   1        {
  45   2          time_100ms++;
  46   2          i=0;
  47   2        }
  48   1      //  time_100ms++;   //1s
  49   1        
  50   1       // WDT_RST();
  51   1        EA=1;
  52   1      }
  53          
  54          #if 1
C51 COMPILER V9.59.0.0   TIMER                                                             04/30/2025 17:32:02 PAGE 2   

  55          /*****************************************************************************
  56          定时器2*/
  57          void T2_Init(void)
  58          {
  59   1        T2CON=0x70;
  60   1        TH2=0x00;
  61   1        TL2=0x00;
  62   1        TRL2H=0xBC;
  63   1        TRL2L=0xCD;        //1ms的定时器
  64   1        IEN0|=0x20;        //开启定时器2
  65   1        TR2=0x01;
  66   1      }
  67          void T2_ISR_PC(void)    interrupt 5
  68          {
  69   1        TF2=0;   
  70   1      
  71   1      
  72   1      //  WDT_RST();
  73   1      }
  74          
  75          #endif
  76          /*****************************************************************************
  77          定时器总配置*/
  78          void InitTimer(void)
  79          {
  80   1        T0_Init();
  81   1        T2_Init();
  82   1      }
  83          


MODULE INFORMATION:   STATIC OVERLAYABLE
   CODE SIZE        =    227    ----
   CONSTANT SIZE    =   ----    ----
   XDATA SIZE       =      4    ----
   PDATA SIZE       =   ----    ----
   DATA SIZE        =   ----    ----
   IDATA SIZE       =   ----    ----
   BIT SIZE         =   ----    ----
   EDATA SIZE       =   ----    ----
   HDATA SIZE       =   ----    ----
   XDATA CONST SIZE =   ----    ----
   FAR CONST SIZE   =   ----    ----
END OF MODULE INFORMATION.


C51 COMPILATION COMPLETE.  0 WARNING(S),  0 ERROR(S)
