C51 COMPILER V9.59.0.0   QY                                                                04/23/2025 19:11:06 PAGE 1   


C51 COMPILER V9.59.0.0, COMPILATION OF MODULE QY
OBJECT MODULE PLACED IN .\Objects\qy.obj
COMPILER INVOKED BY: D:\Keil\Keil_C51\C51\BIN\C51.EXE PAGE\qy.c LARGE OMF2 OPTIMIZE(8,SPEED) BROWSE INCDIR(.\Sources;.\A
                    -PP;.\PAGE) DEBUG PRINT(.\Listings\qy.lst) TABS(2) OBJECT(.\Objects\qy.obj)

line level    source

   1          #include "qy.h"


MODULE INFORMATION:   STATIC OVERLAYABLE
   CODE SIZE        =   ----    ----
   CONSTANT SIZE    =   ----    ----
   XDATA SIZE       =   ----    ----
   PDATA SIZE       =   ----    ----
   DATA SIZE        =   ----    ----
   IDATA SIZE       =   ----    ----
   BIT SIZE         =   ----    ----
   EDATA SIZE       =   ----    ----
   HDATA SIZE       =   ----    ----
   XDATA CONST SIZE =   ----    ----
   FAR CONST SIZE   =   ----    ----
END OF MODULE INFORMATION.


C51 COMPILATION COMPLETE.  0 WARNING(S),  0 ERROR(S)
