C51 COMPILER V9.59.0.0   SZ                                                                05/08/2025 10:05:08 PAGE 1   


C51 COMPILER V9.59.0.0, COMPILATION OF MODULE SZ
OBJECT MODULE PLACED IN .\Objects\sz.obj
COMPILER INVOKED BY: D:\Keil\Keil_C51\C51\BIN\C51.EXE PAGE\sz.c LARGE OMF2 OPTIMIZE(8,SPEED) BROWSE INCDIR(.\Sources;.\A
                    -PP;.\PAGE) DEBUG PRINT(.\Listings\sz.lst) TABS(2) OBJECT(.\Objects\sz.obj)

line level    source

   1          #include "sz.h"
   2          #include "timer.h"
   3          #include "adc.h"
   4          
   5          
   6          void  SZ_prepare()
   7          {
   8   1        if(ADC_100ms >= 2)  //200ms
   9   1        {
  10   2          T_100MS_ADC_isr();
  11   2          ADC_100ms=0;
  12   2        }
  13   1        
  14   1      }
  15          
  16          
  17          
  18          
  19          
  20          void SZ_Home()
  21          {
  22   1        
  23   1          
  24   1          if(last_page!=CurrentPageNum[1])  //第一次进入页面
  25   1        {
  26   2          last_page=CurrentPageNum[1];  
  27   2          current_st = 0x01;
  28   2        }
  29   1        
  30   1        
  31   1        switch(current_st)    //在handle.c触摸反馈中检测
  32   1        {
  33   2          case 0:   //开机初始化状态
  34   2          {
  35   3            current_st = 0x01;  //初始化成功，跳转到第一次初始化态
  36   3      
  37   3          }
  38   2          
  39   2          case 1:   //第一次初始化态
  40   2          {
  41   3            current_st = 0x02;  //第一次初始化成功，跳转到就绪态
  42   3          }
  43   2          
  44   2          case 2:   //就绪态
  45   2          {
  46   3            
  47   3            SZ_prepare();
  48   3            break;
  49   3          }
  50   2      
  51   2          
  52   2          default :
  53   2          {
  54   3            current_st = 0x02;
C51 COMPILER V9.59.0.0   SZ                                                                05/08/2025 10:05:08 PAGE 2   

  55   3          //  SZ_prepare();
  56   3            break;
  57   3          }
  58   2        }
  59   1        
  60   1        
  61   1      }


MODULE INFORMATION:   STATIC OVERLAYABLE
   CODE SIZE        =     96    ----
   CONSTANT SIZE    =   ----    ----
   XDATA SIZE       =   ----    ----
   PDATA SIZE       =   ----    ----
   DATA SIZE        =   ----    ----
   IDATA SIZE       =   ----    ----
   BIT SIZE         =   ----    ----
   EDATA SIZE       =   ----    ----
   HDATA SIZE       =   ----    ----
   XDATA CONST SIZE =   ----    ----
   FAR CONST SIZE   =   ----    ----
END OF MODULE INFORMATION.


C51 COMPILATION COMPLETE.  0 WARNING(S),  0 ERROR(S)
