C51 COMPILER V9.59.0.0   SZ                                                                04/30/2025 12:14:31 PAGE 1   


C51 COMPILER V9.59.0.0, COMPILATION OF MODULE SZ
OBJECT MODULE PLACED IN .\Objects\sz.obj
COMPILER INVOKED BY: D:\Keil\Keil_C51\C51\BIN\C51.EXE PAGE\sz.c LARGE OMF2 OPTIMIZE(8,SPEED) BROWSE INCDIR(.\Sources;.\A
                    -PP;.\PAGE) DEBUG PRINT(.\Listings\sz.lst) TABS(2) OBJECT(.\Objects\sz.obj)

line level    source

   1          #include "sz.h"


MODULE INFORMATION:   STATIC OVERLAYABLE
   CODE SIZE        =   ----    ----
   CONSTANT SIZE    =   ----    ----
   XDATA SIZE       =   ----    ----
   PDATA SIZE       =   ----    ----
   DATA SIZE        =   ----    ----
   IDATA SIZE       =   ----    ----
   BIT SIZE         =   ----    ----
   EDATA SIZE       =   ----    ----
   HDATA SIZE       =   ----    ----
   XDATA CONST SIZE =   ----    ----
   FAR CONST SIZE   =   ----    ----
END OF MODULE INFORMATION.


C51 COMPILATION COMPLETE.  0 WARNING(S),  0 ERROR(S)
