C51 COMPILER V9.59.0.0   MODE_3                                                            05/09/2025 14:14:44 PAGE 1   


C51 COMPILER V9.59.0.0, COMPILATION OF MODULE MODE_3
OBJECT MODULE PLACED IN .\Objects\mode_3.obj
COMPILER INVOKED BY: D:\Keil\Keil_C51\C51\BIN\C51.EXE Sources\mode_3.c LARGE OMF2 OPTIMIZE(8,SPEED) BROWSE DEBUG PRINT(.
                    -\Listings\mode_3.lst) TABS(2) OBJECT(.\Objects\mode_3.obj)

line level    source

   1          #include "mode_3.h"
   2          #include "handle.h"
   3          
   4          /************************程序化界面执行函数
   5          说明：读取DGUS地址0x2560~0x2582，写入到NORFLAH地址（36字）    正常是35字 多出0x2583 0x2584
   6          ***************************************/
   7          u8 week_check[5];
   8           u8 weekday;
   9            u8 today_date[5];
  10          u8 rtc_chengxu[8];
  11          u8 icon_exit_[2]={0};
  12          u8 chengxu_run_flag=0;
  13          u8 UE=0;
  14          void mode_3_reset();
  15          void chengxu_Updae()
  16          {
  17   1        WriteNorFlash_Dgus(Nor_chengxu_Ad,0x2560,34); 
  18   1        WriteNorFlash_Dgus(Nor_chengxu_week_Ad,0x257e,6); 
  19   1        WriteNorFlash_Dgus(0x48000,0x2590,2); 
  20   1      }
  21          
  22          void chengxu_Init()   //开机初始化
  23          {
  24   1          ReadNorFlash_Dgus(Nor_chengxu_Ad,0x2560,34);
  25   1          ReadNorFlash_Dgus(Nor_chengxu_week_Ad,0x257e,6);
  26   1          ReadNorFlash_Dgus(0x48000,0x2590,2);  
  27   1      }
  28            //u8 PWM_flag=0;  //0=on 1=off
  29          
  30            //  u16 run_week;
  31          
  32          #define week_ad 0x257e
  33          void chengxu_only_first() //启动后只进行一次，复位或结束后才停止
  34          {
  35   1        u8 hang=0;
  36   1        u8 i_f;
  37   1        u8 week_read[2];
  38   1         u16 run_date;
  39   1        EA=0;
  40   1        chengxu_Updae();
  41   1        ReadDGUS(RTC_Adress,(uint8_t *)&rtc_chengxu,sizeof(rtc_chengxu));
  42   1        weekday=rtc_chengxu[3];                                             //0x00~0x06 星期天=0x00
  43   1          UV=0;
  44   1        ReadDGUS(0x2590,(uint8_t *)&run_date,sizeof(run_date));
  45   1        for(i_f=0;i_f<=4;i_f++)
  46   1        {
  47   2      
  48   2          if((run_date&(0x01<<i_f))>0)    //检测行
  49   2          {
  50   3              ReadDGUS(week_ad+i_f,(uint8_t *)&week_read,sizeof(week_read));
  51   3              if((week_read[1]&(0x01<<weekday))>0)    //检测星期
  52   3              {
  53   4                week_check[i_f]=0x1;  
  54   4              }
C51 COMPILER V9.59.0.0   MODE_3                                                            05/09/2025 14:14:44 PAGE 2   

  55   3              else {week_check[i_f]=0;}
  56   3          }
  57   2          else hang++;
  58   2        }
  59   1        if(hang==5)Analog_click(0x02b2,0x0106); //模拟复位  检测到行没有一个选中
  60   1        EA=1;
  61   1      }
  62          
  63          
  64            
  65            
  66            
  67            
  68            
  69          void chengxu_Run()    
  70          {
  71   1          static u8 run_t1[4];
  72   1         static u8 run_t2[8];
  73   1        //static uint t_doing;
  74   1      
  75   1      //  static u8 run_current[4]; //结束小时 结束分钟 脉冲on 脉冲off
  76   1        //u16 run_date_change;
  77   1          u8 i;
  78   1        
  79   1        if(chengxu_start_1==1)
  80   1        {
  81   2          chengxu_start_1=0;
  82   2          chengxu_only_first();
  83   2        }
  84   1        ReadDGUS(RTC_Adress,(uint8_t *)&rtc_chengxu,sizeof(rtc_chengxu));
  85   1        //weekday=rtc_chengxu[3]; 
  86   1        EA=0;
  87   1      
  88   1        if(chengxu_run_flag==1)
  89   1        {
  90   2          if(run_t2[7]!=0)
  91   2          {
  92   3            if(Draw_1s>=run_t2[5] &&  Off_On_pwm_flag==0)   //要休息了
  93   3            {
  94   4              UV=0;Draw_1s=0;Off_On_pwm_flag=1;UE=0;
  95   4            }else if(Off_On_pwm_flag==1 &&  Draw_1s>=run_t2[7])
  96   3            {
  97   4              UV=1;Draw_1s=0;Off_On_pwm_flag=0;UE=1;
  98   4            }
  99   3      
 100   3          }
 101   2          else if(run_t2[7]==0) //长照射
 102   2          {
 103   3              UV=1;
 104   3          }
 105   2          
 106   2                
 107   2             if(run_t2[1]==rtc_chengxu[4] &&  run_t2[3]==rtc_chengxu[5])  //运行结束
 108   2            {
 109   3              chengxu_run_flag=0;
 110   3              UV=0;UE=0;
 111   3              mode_3_reset();
 112   3            }
 113   2          
 114   2        }
 115   1        else if(chengxu_run_flag==0)
 116   1        {
C51 COMPILER V9.59.0.0   MODE_3                                                            05/09/2025 14:14:44 PAGE 3   

 117   2      
 118   2          for(i=0;i<=0x4;i++)
 119   2          {       
 120   3          if(week_check[i]==0x1)
 121   3          { 
 122   4            //此处进不来UE=1;
 123   4                  ReadDGUS(0x2560+(i*0x6),(uint8_t *)&run_t1,sizeof(run_t1)); //读取当前行的开始小时
 124   4                  if(run_t1[1]==rtc_chengxu[4])     //小时还未到
 125   4                  {   
 126   5                  //  ReadDGUS(0x2561+(i*0x6),(uint8_t *)&run_date[3],sizeof(run_date[3])); //读取当前行的开始分钟
 127   5                    if(run_t1[3]==rtc_chengxu[5])
 128   5                    {
 129   6                      //运行
 130   6                        ReadDGUS(0x2562+(i*0x6),(uint8_t *)&run_t2,sizeof(run_t2)); //读取当前行的结束小时 分钟 on off
 131   6                    
 132   6                        T_First=(((uint)(run_t2[1])*60+(uint)(run_t2[3]))-((uint)(run_t1[1])*60+(uint)(run_t1[3])))*60;   
             -      //图表横坐标的变量
 133   6      
 134   6                        chengxu_run_flag=1;
 135   6                        UV=1;
 136   6                        UE=1;
 137   6                        Draw_1s=0;
 138   6                        Draw_W_Flag=1;
 139   6                        First_Draw_Flag=0;                    
 140   6                    }
 141   5                  }
 142   4                  
 143   4            }
 144   3          }
 145   2      
 146   2        
 147   2        
 148   2      }
 149   1        EA=1;
 150   1        
 151   1      }
 152          
 153          
 154          
 155          void mode_3_isr()
 156          {
 157   1          chengxu_Run();
 158   1      }
 159            
 160          void mode_3_reset() //当前阶段结束
 161          {
 162   1        start_first_flag=0;
 163   1        chengxu_run_flag=0;
 164   1        Off_On_pwm_flag=0;
 165   1        Draw_W_Flag=0;
 166   1        First_Draw_Flag=0;
 167   1        chengxu_start_1=1;
 168   1          norflash_Close_UV_Flag=1;
 169   1        //chengxu_only_first(); 
 170   1      }


MODULE INFORMATION:   STATIC OVERLAYABLE
   CODE SIZE        =    846    ----
   CONSTANT SIZE    =   ----    ----
   XDATA SIZE       =     35       7
   PDATA SIZE       =   ----    ----
C51 COMPILER V9.59.0.0   MODE_3                                                            05/09/2025 14:14:44 PAGE 4   

   DATA SIZE        =   ----    ----
   IDATA SIZE       =   ----    ----
   BIT SIZE         =   ----    ----
   EDATA SIZE       =   ----    ----
   HDATA SIZE       =   ----    ----
   XDATA CONST SIZE =   ----    ----
   FAR CONST SIZE   =   ----    ----
END OF MODULE INFORMATION.


C51 COMPILATION COMPLETE.  0 WARNING(S),  0 ERROR(S)
