C51 COMPILER V9.59.0.0   SYS                                                               05/07/2025 23:25:22 PAGE 1   


C51 COMPILER V9.59.0.0, COMPILATION OF MODULE SYS
OBJECT MODULE PLACED IN .\Objects\sys.obj
COMPILER INVOKED BY: D:\Keil_V5_C51\C51\BIN\C51.EXE Sources\sys.c LARGE OMF2 OPTIMIZE(8,SPEED) BROWSE DEBUG PRINT(.\List
                    -ings\sys.lst) TABS(2) OBJECT(.\Objects\sys.obj)

line level    source

   1          /******************************************************************************
   2          * 文 件 名   : sys.c
   3          * 版 本 号   : V1.0
   4          * 作    者   : pinot
   5          * 生成日期   : 2019年11月01日
   6          * 功能描述   : 初始化T5L ASIC 的寄存器
   7          * 修改历史   :
   8          * 日    期   :
   9          * 作    者   :
  10          * 修改内容   :
  11          ******************************************************************************/
  12          
  13          /*****************************************************************************
  14          自定义头文件*/
  15          #include "sys.h"
  16          #include "uart.h"
  17          #include "timer.h"
  18          /*****************************************************************************
  19          全局变量*/
  20          
  21          
  22          /*****************************************************************************
  23          延时us*//*振荡周期T=1/206438400*/
  24          //void DelayUs(uint16_t n)
  25          //{
  26          //  uint16_t i,j;
  27          //  for(i=0;i<n;i++)
  28          //    for(j=0;j<15;j++);
  29          //}
  30          /*****************************************************************************
  31          延时ms*/
  32          void DelayMs(uint16_t n)
  33          {
  34   1        uint16_t i,j;
  35   1        for(i=0;i<n;i++)
  36   1          for(j=0;j<7400;j++);
  37   1      }
  38          
  39          /*****************************************************************************
  40          初始化T5L必须配置的寄存器*/
  41          //void InitCFG(void)
  42          //{
  43          //  CKCON      = 0x00;
  44          //  T2CON      = 0x70;
  45          //  DPC        = 0x00;
  46          //  PAGESEL    = 0x01;
  47          //  D_PAGESEL  = 0x02;
  48          //  MUX_SEL    = 0x60;
  49          //  PORTDRV    = 0x01;
  50          //  RAMMODE    = 0x00;
  51          //}
  52          
  53          /*****************************************************************************
  54          中断配置*/
C51 COMPILER V9.59.0.0   SYS                                                               05/07/2025 23:25:22 PAGE 2   

  55          void InitInt(void)
  56          {
  57   1        IEN0       = 0x00;                     /*关闭所有中断*/
  58   1        IEN1       = 0x00;
  59   1        IEN2       = 0x00;
  60   1        IP0        = 0x00;                     /*中断优先级默认*/
  61   1        IP1        = 0x00;
  62   1      }
  63          /*****************************************************************************
  64          GPIO输出*/
  65          void InitGPIO(void)
  66          {
  67   1        PORTDRV    = 0x01;
  68   1        P0MDOUT    = 0xc3;                     /*开启P0_0和P0_1的输出*/
  69   1        P1MDOUT    = 0xa3;                     /*开启P1_0和P1_1 1_7 P1_5的输出*/
  70   1       // P1MDOUT    = 0x83;                     /*开启P1_0和P1_1 1_7 的输出*/
  71   1        P2MDOUT    = 0x2A;                    /*开启P2_1 P2_3*/
  72   1        P3MDOUT    = 0x0C;
  73   1        P0         = 0x00;
  74   1        P1         = 0x00;
  75   1        P2         = 0x00;
  76   1        P3         = 0x00;
  77   1      }
  78          void EX0_ISR_PC(void)    interrupt 0
  79          {
  80   1          EA=0;
  81   1      
  82   1          EA=1;
  83   1      }
  84          void EX1_ISR_PC(void)    interrupt 2
  85          {
  86   1          EA=0;
  87   1      
  88   1          EA=1;
  89   1      }
  90          
  91          
  92          void sys_read_vp(u16 addr,u8* buf,u16 len)
  93          {   
  94   1        u8 i; 
  95   1        
  96   1        i = (u8)(addr&0x01);
  97   1        addr >>= 1;
  98   1        ADR_H = 0x00;
  99   1        ADR_M = (u8)(addr>>8);
 100   1        ADR_L = (u8)addr;
 101   1        ADR_INC = 0x01;
 102   1        RAMMODE = 0xAF;
 103   1        while(APP_ACK==0);
 104   1        while(len>0)
 105   1        {   
 106   2          APP_EN=1;
 107   2          while(APP_EN==1);
 108   2          if((i==0)&&(len>0))   
 109   2          {   
 110   3            *buf++ = DATA3;
 111   3            *buf++ = DATA2;                      
 112   3            i = 1;
 113   3            len--;  
 114   3          }
 115   2          if((i==1)&&(len>0))   
 116   2          {   
C51 COMPILER V9.59.0.0   SYS                                                               05/07/2025 23:25:22 PAGE 3   

 117   3            *buf++ = DATA1;
 118   3            *buf++ = DATA0;                      
 119   3            i = 0;
 120   3            len--;  
 121   3          }
 122   2        }
 123   1        RAMMODE = 0x00;
 124   1      }
 125          /*****************************************************************************
 126          初始化T5L ASIC*/
 127          void InitCPU(void)
 128          {
 129   1        EA=0;
 130   1      //  InitCFG();      /*改为在A51启动文件初始化*/
 131   1        InitInt();
 132   1        InitGPIO();
 133   1        InitUart();
 134   1        InitTimer();
 135   1      //  WDT_ON();
 136   1        EA=1;
 137   1      }


MODULE INFORMATION:   STATIC OVERLAYABLE
   CODE SIZE        =    331    ----
   CONSTANT SIZE    =   ----    ----
   XDATA SIZE       =   ----       7
   PDATA SIZE       =   ----    ----
   DATA SIZE        =   ----    ----
   IDATA SIZE       =   ----    ----
   BIT SIZE         =   ----    ----
   EDATA SIZE       =   ----    ----
   HDATA SIZE       =   ----    ----
   XDATA CONST SIZE =   ----    ----
   FAR CONST SIZE   =   ----    ----
END OF MODULE INFORMATION.


C51 COMPILATION COMPLETE.  0 WARNING(S),  0 ERROR(S)
