C51 COMPILER V9.59.0.0   TIMER                                                             05/07/2025 16:35:25 PAGE 1   


C51 COMPILER V9.59.0.0, COMPILATION OF MODULE TIMER
OBJECT MODULE PLACED IN .\Objects\timer.obj
COMPILER INVOKED BY: D:\Keil\Keil_C51\C51\BIN\C51.EXE Sources\timer.c LARGE OMF2 OPTIMIZE(8,SPEED) BROWSE DEBUG PRINT(.\
                    -Listings\timer.lst) TABS(2) OBJECT(.\Objects\timer.obj)

line level    source

   1          /******************************************************************************
   2          * 文 件 名   : timer.c
   3          * 版 本 号   : V1.0
   4          * 作    者   : pinot
   5          * 生成日期   : 2019年11月18日
   6          * 功能描述   : 定时器应用
   7          * 修改历史   :
   8          * 日    期   :
   9          * 作    者   :
  10          * 修改内容   :
  11          ******************************************************************************/
  12          
  13          /*****************************************************************************
  14          自定义头文件*/
  15          #include "timer.h"
  16          #include "rtc_sys.h"
  17          #include "mode_3.h"
  18          #include "handle.h"
  19          #include "mode_4.h"
  20          #include "T5LUart4.h"
  21          /*****************************************************************************
  22          全局变量*/
  23          uint16_t Wait_Count_2=0;
  24          uint16_t Wait_Count=0;
  25          uint16_t TOF_suanfa_Count=0;
  26          uint16_t T_1S=0;
  27          uint16_t T_1S_S=0;
  28          uint T_100MS_ADC=0;
  29          uint norflash_Close_UV_Flag=0;
  30          uint norflash_Open_UV_Flag=0;
  31          uint norflash_Stop_UV_Flag=2;
  32          //uint Work_Time=0;
  33          uint Draw_1s=0;
  34          uint Draw_1ms=0;
  35          uint D_1s=0;
  36          uint Screen_Time_500ms=0;
  37          uint mode_4_500ms;
  38          uint mode4_1s_time;
  39          uint uv_f;
  40          uint t2;
  41          //uint jiguang_time_1s=0;
  42          //uint t1_300;
  43          uint t15ms=0;
  44          /*****************************************************************************
  45          定时器0************1ms******/
  46          void T0_Init(void)
  47          {
  48   1        TMOD|=0x01;
  49   1        TH0=T1MS>>8;        //1ms定时器
  50   1        TL0=T1MS;
  51   1        ET0=1;              //开启定时器0中断
  52   1        TR0=1;              //开启定时器
  53   1      }
  54          void T0_ISR_PC(void)    interrupt 1
C51 COMPILER V9.59.0.0   TIMER                                                             05/07/2025 16:35:25 PAGE 2   

  55          {
  56   1        EA=0;
  57   1        TH0=T1MS>>8;
  58   1        TL0=T1MS;
  59   1        Wait_Count++;
  60   1        SysTick_RTC++;
  61   1      //  t1_300++;
  62   1      //  if(t1_300>=300)
  63   1      //  {
  64   1      //    t1_300=0;
  65   1      //    t1_isr();
  66   1      //  }
  67   1      
  68   1      //  
  69   1        // HandleProc();  
  70   1        
  71   1        if(Wait_Count>500)    /********0.5s*******/
  72   1        {
  73   2          Wait_Count=0;
  74   2          Wait_Count_2=1;
  75   2          if(Screen_Touch_flag==0)
  76   2          {
  77   3          Screen_Time_500ms++;
  78   3          }
  79   2      //    jiguang_time_1s++;
  80   2        }
  81   1      
  82   1      
  83   1      
  84   1      
  85   1      /********************************当开启照射后进入对应函数***********************/
  86   1        if(ZIWAIXIAN_FINISH_FLAG ^  ZIWAIXIAN_S_FINISH_FLAG ^(chengxu_start)^(mode_4_flag_start&&start_mode4))
  87   1        {
  88   2          //Reset_flag=1; //结束时间同步
  89   2          Draw_1ms++;
  90   2              WriteDGUS(0x5200, (uint8_t *)&test_error[6],sizeof(test_error[6])); 
  91   2      
  92   2          /**************算法******************/
  93   2      //  if(dynamic_static_flag && ZIWAIXIAN_FINISH_FLAG)
  94   2      //  {
  95   2      //      TOF_suanfa_Count++;
  96   2      //    if(TOF_suanfa_Count>400)    /********0.2s*******/
  97   2      //  {
  98   2      //    
  99   2      //    TOF_suanfa_Count=0;   
 100   2      
 101   2      //    if(Off_On_pwm_flag==0)    //下降沿的时候 不进行时间变换
 102   2      //    {
 103   2      //    }
 104   2      
 105   2      //  }
 106   2      //}
 107   2        /*******************程序化模式******************/
 108   2              if(chengxu_start)
 109   2            {
 110   3              D_1s++;
 111   3              if(D_1s>=1000){D_1s=0;Draw_1s++;mode_3_isr();}
 112   3            }
 113   2          /***********手动模式***************/
 114   2          else if(mode_4_flag_start&&start_mode4)
 115   2          {
 116   3            mode4_1s_time++;
C51 COMPILER V9.59.0.0   TIMER                                                             05/07/2025 16:35:25 PAGE 3   

 117   3            if(mode4_1s_time>=1000)
 118   3            {
 119   4              mode4_isr();
 120   4              mode4_1s_time=0;
 121   4            }
 122   3          }
 123   2        
 124   2        
 125   2          
 126   2          /**********治疗模式****************/
 127   2         else if(ZIWAIXIAN_FINISH_FLAG==1)
 128   2          {
 129   3            //a=T_1S;
 130   3            T_1S++;
 131   3            First_shuju();
 132   3              if(T_1S>1000)
 133   3              {
 134   4                //Work_Time++;
 135   4                T_1S=0;
 136   4                TIM0_1S_isr();
 137   4              }
 138   3            
 139   3          }
 140   2      
 141   2      
 142   2      /***************气溶胶模式、区域照射、中心照射****************/
 143   2          else if(ZIWAIXIAN_S_FINISH_FLAG==1)
 144   2          {
 145   3            T_1S_S++;
 146   3            First_S_shuju();
 147   3            if(T_1S_S>1000)
 148   3              {
 149   4                T_1S_S=0;
 150   4                //Work_Time++;
 151   4                TIM0_1S_S_isr();
 152   4              }
 153   3            
 154   3          }else {T_1S_S=0;}
 155   2      
 156   2          
 157   2              WriteDGUS(0x5200, (uint8_t *)&test_error[7],sizeof(test_error[7])); 
 158   2      }
 159   1      else{TOF_suanfa_Count=0;}
 160   1      
 161   1        EA=1;
 162   1      }
 163          /*****************************************************************************
 164          定时器2*/
 165          void T2_Init(void)
 166          {
 167   1        T2CON=0x70;
 168   1        TH2=0x00;
 169   1        TL2=0x00;
 170   1        TRL2H=0xBC;
 171   1        TRL2L=0xCD;        //1ms的定时器
 172   1        IEN0|=0x20;        //开启定时器2
 173   1        TR2=0x01;
 174   1      }
 175          void T2_ISR_PC(void)    interrupt 5
 176          {
 177   1        TF2=0;    
 178   1        EA=0;
C51 COMPILER V9.59.0.0   TIMER                                                             05/07/2025 16:35:25 PAGE 4   

 179   1        uv_f++;
 180   1        t2++;
 181   1        
 182   1        if(Page_s[1]==Page_lianji)
 183   1        {
 184   2          t15ms++;
 185   2        if(t15ms>=5)
 186   2        {
 187   3          t15ms=0;
 188   3      
 189   3              if (HmiSlvCmd.Status==1){
 190   4          HmiSlvCmd.Delay++; 
 191   4          if (HmiSlvCmd.Delay>0) HmiSlvCmd.Status=2; 
 192   4        }
 193   3        if (HmiSlvCmd.Step>0 || HmiSlvCmd.Status>2) //ModBus 接收数据超时判断
 194   3        {
 195   4          HmiSlvCmd.TxTimeOut++; //超时接收发送时间 100ms
 196   4          if (HmiSlvCmd.TxTimeOut>20)
 197   4          {
 198   5            HmiSlvCmd.TxTimeOut=0;
 199   5            HmiSlvCmd.Step=0;
 200   5            HmiSlvCmd.Status=0;
 201   5          }
 202   4        }
 203   3        else HmiSlvCmd.TxTimeOut=0;
 204   3      }
 205   2        }
 206   1        else  if(Page_s[1]==Page_shezhi)
 207   1        {
 208   2                T_100MS_ADC++;
 209   2              if(T_100MS_ADC>300)
 210   2              {
 211   3                T_100MS_ADC=0;
 212   3                T_100MS_ADC_isr();
 213   3              }
 214   2        }
 215   1        
 216   1      
 217   1        if(t2>=500)
 218   1        {
 219   2          t2_isr();
 220   2      
 221   2          t2=0;
 222   2        }
 223   1        /************adc**************/
 224   1      //      if(Page_s[1]==Page_shezhi)
 225   1      //      {     
 226   1      //        T_100MS_ADC++;
 227   1      //        if(T_100MS_ADC>300)
 228   1      //        {
 229   1      //          T_100MS_ADC=0;
 230   1      //          T_100MS_ADC_isr();
 231   1      //        }
 232   1      //      } 
 233   1      
 234   1        /*****************紫外线自检函数防止启动失败*****************/
 235   1        if(uv_f>=100)
 236   1        {
 237   2              uv_f=0;
 238   2          if(UV==1)
 239   2            {
 240   3                    if(UV^UV_St==0)
C51 COMPILER V9.59.0.0   TIMER                                                             05/07/2025 16:35:25 PAGE 5   

 241   3              {
 242   4                UV=0;UV_FLAG=1;
 243   4              }
 244   3              else if(UV_FLAG==1){UV_FLAG=0;UV=1;}
 245   3              
 246   3              } 
 247   2            }
 248   1      
 249   1      //  
 250   1      EA=1;
 251   1      }
 252          /*****************************************************************************
 253          定时器总配置*/
 254          void InitTimer(void)
 255          {
 256   1        T0_Init();
 257   1        T2_Init();
 258   1      }
 259          


MODULE INFORMATION:   STATIC OVERLAYABLE
   CODE SIZE        =    859    ----
   CONSTANT SIZE    =   ----    ----
   XDATA SIZE       =     36    ----
   PDATA SIZE       =   ----    ----
   DATA SIZE        =   ----    ----
   IDATA SIZE       =   ----    ----
   BIT SIZE         =   ----    ----
   EDATA SIZE       =   ----    ----
   HDATA SIZE       =   ----    ----
   XDATA CONST SIZE =   ----    ----
   FAR CONST SIZE   =   ----    ----
END OF MODULE INFORMATION.


C51 COMPILATION COMPLETE.  0 WARNING(S),  0 ERROR(S)
