C51 COMPILER V9.59.0.0   ZX                                                                05/07/2025 21:45:04 PAGE 1   


C51 COMPILER V9.59.0.0, COMPILATION OF MODULE ZX
OBJECT MODULE PLACED IN .\Objects\zx.obj
COMPILER INVOKED BY: D:\Keil_V5_C51\C51\BIN\C51.EXE PAGE\zx.c LARGE OMF2 OPTIMIZE(8,SPEED) BROWSE INCDIR(.\Sources;.\APP
                    -;.\PAGE) DEBUG PRINT(.\Listings\zx.lst) TABS(2) OBJECT(.\Objects\zx.obj)

line level    source

   1          #include "zx.h"


MODULE INFORMATION:   STATIC OVERLAYABLE
   CODE SIZE        =   ----    ----
   CONSTANT SIZE    =   ----    ----
   XDATA SIZE       =   ----    ----
   PDATA SIZE       =   ----    ----
   DATA SIZE        =   ----    ----
   IDATA SIZE       =   ----    ----
   BIT SIZE         =   ----    ----
   EDATA SIZE       =   ----    ----
   HDATA SIZE       =   ----    ----
   XDATA CONST SIZE =   ----    ----
   FAR CONST SIZE   =   ----    ----
END OF MODULE INFORMATION.


C51 COMPILATION COMPLETE.  0 WARNING(S),  0 ERROR(S)
