C51 COMPILER V9.59.0.0   NORFLASH                                                          04/29/2025 17:34:33 PAGE 1   


C51 COMPILER V9.59.0.0, COMPILATION OF MODULE NORFLASH
OBJECT MODULE PLACED IN .\Objects\norflash.obj
COMPILER INVOKED BY: D:\Keil\Keil_C51\C51\BIN\C51.EXE Sources\norflash.c LARGE OMF2 OPTIMIZE(8,SPEED) BROWSE INCDIR(.\So
                    -urces;.\APP;.\PAGE) DEBUG PRINT(.\Listings\norflash.lst) TABS(2) OBJECT(.\Objects\norflash.obj)

line level    source

   1          /******************************************************************************
   2          * 文 件 名   : norflash.c
   3          * 版 本 号   : V1.0
   4          * 作    者   : pinot
   5          * 生成日期   : 2019年11月18日
   6          * 功能描述   : 读写NorFlash
   7          * 修改历史   :
   8          * 日    期   :
   9          * 作    者   :
  10          * 修改内容   :
  11          ******************************************************************************/
  12          
  13          /*****************************************************************************
  14          自定义头文件*/
  15          #include "norflash.h"
  16          #if 0
              
              /*****************************************************************************
              读NorFlash*/
              /*****************************************************************************
               函 数 名  : ReadNorFlash
               功能描述  : 读NorFlash
               输入参数  : uint32_t NorAddr    NorFlash首地址
                           uint32_t DgusAddr  存储数据的DGUS地址
                           uint16_t Len       读取数据字长度(必须是偶数)
               输出参数  : 无
               修改历史  :
               日    期  : 2019年11月04日
               作    者  :
               修改内容  : 创建
              *****************************************************************************/
              void ReadNorFlash(uint32_t NorAddr, uint32_t DgusAddr, uint16_t Len)
              {
                uint8_t temp[8]={0};
                temp[0] = 0x5A;
                temp[1] = (uint8_t)(NorAddr >> 16);
                temp[2] = (uint8_t)(NorAddr >> 8);
                temp[3] = (uint8_t)(NorAddr);
                temp[4] = (uint8_t)(DgusAddr >> 8);
                temp[5] = (uint8_t)(DgusAddr);
                temp[6] = (uint8_t)(Len >> 8);
                temp[7] = (uint8_t)(Len);
                WriteDGUS(NOR_FLASH_RW_CMD,temp,sizeof(temp));
                do
                {
                  DelayMs(5);
                  ReadDGUS(NOR_FLASH_RW_CMD,temp,1);
                }while(temp[0]!=0);
              }
              
              
              /*****************************************************************************
              写NorFlash*/
              /*****************************************************************************
C51 COMPILER V9.59.0.0   NORFLASH                                                          04/29/2025 17:34:33 PAGE 2   

               函 数 名  : WriteNorFlash
               功能描述  : 写NorFlash
               输入参数  : uint32_t NorAddr    NorFlash首地址
                           uint32_t DgusAddr  存储数据的DGUS地址
                           uint16_t Len       写入数据字长度(必须是偶数)
               输出参数  : 无
               修改历史  :
               日    期  : 2019年11月04日
               作    者  :
               修改内容  : 创建
              *****************************************************************************/
              void WriteNorFlash(uint32_t NorAddr, uint32_t DgusAddr, uint16_t Len)
              {
                uint8_t temp[8]={0};
                temp[0] = 0xA5;
                temp[1] = (uint8_t)(NorAddr >> 16);
                temp[2] = (uint8_t)(NorAddr >> 8);
                temp[3] = (uint8_t)(NorAddr);
                temp[4] = (uint8_t)(DgusAddr >> 8);
                temp[5] = (uint8_t)(DgusAddr);
                temp[6] = (uint8_t)(Len >> 8);
                temp[7] = (uint8_t)(Len);
                WriteDGUS(NOR_FLASH_RW_CMD,temp,sizeof(temp));
                do
                {
                  DelayMs(5);
                  ReadDGUS(NOR_FLASH_RW_CMD,temp,1);
                }while(temp[0]!=0);
              }
              
              #endif


MODULE INFORMATION:   STATIC OVERLAYABLE
   CODE SIZE        =   ----    ----
   CONSTANT SIZE    =   ----    ----
   XDATA SIZE       =   ----    ----
   PDATA SIZE       =   ----    ----
   DATA SIZE        =   ----    ----
   IDATA SIZE       =   ----    ----
   BIT SIZE         =   ----    ----
   EDATA SIZE       =   ----    ----
   HDATA SIZE       =   ----    ----
   XDATA CONST SIZE =   ----    ----
   FAR CONST SIZE   =   ----    ----
END OF MODULE INFORMATION.


C51 COMPILATION COMPLETE.  0 WARNING(S),  0 ERROR(S)
