C51 COMPILER V9.59.0.0   SYS                                                               04/23/2025 19:11:05 PAGE 1   


C51 COMPILER V9.59.0.0, COMPILATION OF MODULE SYS
OBJECT MODULE PLACED IN .\Objects\sys.obj
COMPILER INVOKED BY: D:\Keil\Keil_C51\C51\BIN\C51.EXE Sources\sys.c LARGE OMF2 OPTIMIZE(8,SPEED) BROWSE INCDIR(.\Sources
                    -;.\APP;.\PAGE) DEBUG PRINT(.\Listings\sys.lst) TABS(2) OBJECT(.\Objects\sys.obj)

line level    source

   1          /******************************************************************************
   2          * 文 件 名   : sys.c
   3          * 版 本 号   : V1.0
   4          * 作    者   : pinot
   5          * 生成日期   : 2019年11月01日
   6          * 功能描述   : 初始化T5L ASIC 的寄存器
   7          * 修改历史   :
   8          * 日    期   :
   9          * 作    者   :
  10          * 修改内容   :
  11          ******************************************************************************/
  12          
  13          /*****************************************************************************
  14          自定义头文件*/
  15          #include "sys.h"
  16          #include "uart.h"
  17          #include "timer.h"
  18          
  19          /*****************************************************************************
  20          全局变量*/
  21          
  22          
  23          /*****************************************************************************
  24          延时us*//*振荡周期T=1/206438400*/
  25          //void DelayUs(uint16_t n)
  26          //{
  27          //  uint16_t i,j;
  28          //  for(i=0;i<n;i++)
  29          //    for(j=0;j<15;j++);
  30          //}
  31          
  32          #if 1
  33          /*****************************************************************************
  34          延时ms*/
  35          void DelayMs(uint16_t n)
  36          {
  37   1        uint16_t i,j;
  38   1        for(i=0;i<n;i++)
  39   1          for(j=0;j<7400;j++);
  40   1      }
  41          #endif
  42          
  43          
  44          /*****************************************************************************
  45          初始化T5L必须配置的寄存器*/
  46          //void InitCFG(void)
  47          //{
  48          //  CKCON      = 0x00;
  49          //  T2CON      = 0x70;
  50          //  DPC        = 0x00;
  51          //  PAGESEL    = 0x01;
  52          //  D_PAGESEL  = 0x02;
  53          //  MUX_SEL    = 0x60;
  54          //  PORTDRV    = 0x01;
C51 COMPILER V9.59.0.0   SYS                                                               04/23/2025 19:11:05 PAGE 2   

  55          //  RAMMODE    = 0x00;
  56          //}
  57          
  58          /*****************************************************************************
  59          中断配置*/
  60          void InitInt(void)
  61          {
  62   1        IEN0       = 0x00;                     /*关闭所有中断*/
  63   1        IEN1       = 0x00;
  64   1        IEN2       = 0x00;
  65   1        IP0        = 0x00;                     /*中断优先级默认*/
  66   1        IP1        = 0x00;
  67   1      }
  68          /*****************************************************************************
  69          GPIO输出*/
  70          void InitGPIO(void)
  71          {
  72   1        PORTDRV    = 0x01;
  73   1        P0MDOUT    = 0xc3; 
  74   1      P1MDOUT    = 0xa3; 
  75   1        /*开启P0_0和P0_1的输出*/
  76   1       // P1MDOUT    = 0x83;                     /*开启P1_0和P1_1 1_7的输出*/
  77   1        P2MDOUT    = 0x2A;                    /*开启P2_1 P2_3*/
  78   1        P3MDOUT    = 0x0C;
  79   1        P0         = 0x00;
  80   1        P1         = 0x00;
  81   1        P2         = 0x00;
  82   1        P3         = 0x00;
  83   1      }
  84          void EX0_ISR_PC(void)    interrupt 0
  85          {
  86   1          EA=0;
  87   1      
  88   1          EA=1;
  89   1      }
  90          void EX1_ISR_PC(void)    interrupt 2
  91          {
  92   1          EA=0;
  93   1      
  94   1          EA=1;
  95   1      }
  96          /*****************************************************************************
  97          初始化T5L ASIC*/
  98          void InitCPU(void)
  99          {
 100   1        EA=0;
 101   1      //  InitCFG();      /*改为在A51启动文件初始化*/
 102   1        InitInt();
 103   1        InitGPIO();
 104   1        InitUart();
 105   1        InitTimer();
 106   1      //  WDT_ON();
 107   1        EA=1;
 108   1      }


MODULE INFORMATION:   STATIC OVERLAYABLE
   CODE SIZE        =    102    ----
   CONSTANT SIZE    =   ----    ----
   XDATA SIZE       =   ----    ----
   PDATA SIZE       =   ----    ----
   DATA SIZE        =   ----    ----
C51 COMPILER V9.59.0.0   SYS                                                               04/23/2025 19:11:05 PAGE 3   

   IDATA SIZE       =   ----    ----
   BIT SIZE         =   ----    ----
   EDATA SIZE       =   ----    ----
   HDATA SIZE       =   ----    ----
   XDATA CONST SIZE =   ----    ----
   FAR CONST SIZE   =   ----    ----
END OF MODULE INFORMATION.


C51 COMPILATION COMPLETE.  0 WARNING(S),  0 ERROR(S)
