C51 COMPILER V9.59.0.0   QRJ                                                               04/22/2025 18:13:38 PAGE 1   


C51 COMPILER V9.59.0.0, COMPILATION OF MODULE QRJ
OBJECT MODULE PLACED IN .\Objects\qrj.obj
COMPILER INVOKED BY: D:\Keil\Keil_C51\C51\BIN\C51.EXE PAGE\qrj.c LARGE OMF2 OPTIMIZE(8,SPEED) BROWSE INCDIR(.\Sources;.\
                    -APP;.\PAGE) DEBUG PRINT(.\Listings\qrj.lst) TABS(2) OBJECT(.\Objects\qrj.obj)

line level    source

   1          #include  "qrj.h"
   2          
   3          //ÆøÈÜ½ºÏû¶¾
   4          
   5          
   6          void QRJ_run()
   7          {
   8   1        
   9   1        
  10   1        
  11   1      }
  12          
  13          
  14          void QRJ_Init()
  15          {}
  16            
  17            
  18            
  19            
  20          void QRJ_prepare()
  21          {}
  22            
  23            
  24            


MODULE INFORMATION:   STATIC OVERLAYABLE
   CODE SIZE        =      3    ----
   CONSTANT SIZE    =   ----    ----
   XDATA SIZE       =   ----    ----
   PDATA SIZE       =   ----    ----
   DATA SIZE        =   ----    ----
   IDATA SIZE       =   ----    ----
   BIT SIZE         =   ----    ----
   EDATA SIZE       =   ----    ----
   HDATA SIZE       =   ----    ----
   XDATA CONST SIZE =   ----    ----
   FAR CONST SIZE   =   ----    ----
END OF MODULE INFORMATION.


C51 COMPILATION COMPLETE.  0 WARNING(S),  0 ERROR(S)
